<?xml version="1.0" encoding="UTF-8"?>
<testng-results skipped="0" failed="0" total="0" passed="0">
  <reporter-output>
  </reporter-output>
  <suite name="myrunner.TestRunner" duration-ms="1" started-at="2019-04-17T15:51:05Z" finished-at="2019-04-17T15:51:05Z">
    <groups>
    </groups>
    <test name="Command line test" duration-ms="1" started-at="2019-04-17T15:51:05Z" finished-at="2019-04-17T15:51:05Z">
    </test> <!-- Command line test -->
  </suite> <!-- myrunner.TestRunner -->
</testng-results>
